Determining if the pthread_create exist failed with the following output:
Change Dir: /root/catkin_ws/build/CMakeFiles/CMakeTmp

Run Build Command:"/usr/bin/make" "cmTC_b9fea/fast"
/usr/bin/make -f CMakeFiles/cmTC_b9fea.dir/build.make CMakeFiles/cmTC_b9fea.dir/build
make[1]: Entering directory '/root/catkin_ws/build/CMakeFiles/CMakeTmp'
Building C object CMakeFiles/cmTC_b9fea.dir/CheckSymbolExists.c.o
/usr/bin/cc    -o CMakeFiles/cmTC_b9fea.dir/CheckSymbolExists.c.o   -c /root/catkin_ws/build/CMakeFiles/CMakeTmp/CheckSymbolExists.c
Linking C executable cmTC_b9fea
/usr/local/bin/cmake -E cmake_link_script CMakeFiles/cmTC_b9fea.dir/link.txt --verbose=1
/usr/bin/cc      -rdynamic CMakeFiles/cmTC_b9fea.dir/CheckSymbolExists.c.o  -o cmTC_b9fea 
CMakeFiles/cmTC_b9fea.dir/CheckSymbolExists.c.o: In function `main':
CheckSymbolExists.c:(.text+0x16): undefined reference to `pthread_create'
collect2: error: ld returned 1 exit status
CMakeFiles/cmTC_b9fea.dir/build.make:86: recipe for target 'cmTC_b9fea' failed
make[1]: *** [cmTC_b9fea] Error 1
make[1]: Leaving directory '/root/catkin_ws/build/CMakeFiles/CMakeTmp'
Makefile:121: recipe for target 'cmTC_b9fea/fast' failed
make: *** [cmTC_b9fea/fast] Error 2

File /root/catkin_ws/build/CMakeFiles/CMakeTmp/CheckSymbolExists.c:
/* */
#include <pthread.h>

int main(int argc, char** argv)
{
  (void)argv;
#ifndef pthread_create
  return ((int*)(&pthread_create))[argc];
#else
  (void)argc;
  return 0;
#endif
}

Determining if the function pthread_create exists in the pthreads failed with the following output:
Change Dir: /root/catkin_ws/build/CMakeFiles/CMakeTmp

Run Build Command:"/usr/bin/make" "cmTC_6c37c/fast"
/usr/bin/make -f CMakeFiles/cmTC_6c37c.dir/build.make CMakeFiles/cmTC_6c37c.dir/build
make[1]: Entering directory '/root/catkin_ws/build/CMakeFiles/CMakeTmp'
Building C object CMakeFiles/cmTC_6c37c.dir/CheckFunctionExists.c.o
/usr/bin/cc   -DCHECK_FUNCTION_EXISTS=pthread_create   -o CMakeFiles/cmTC_6c37c.dir/CheckFunctionExists.c.o   -c /usr/local/share/cmake-3.13/Modules/CheckFunctionExists.c
Linking C executable cmTC_6c37c
/usr/local/bin/cmake -E cmake_link_script CMakeFiles/cmTC_6c37c.dir/link.txt --verbose=1
/usr/bin/cc  -DCHECK_FUNCTION_EXISTS=pthread_create    -rdynamic CMakeFiles/cmTC_6c37c.dir/CheckFunctionExists.c.o  -o cmTC_6c37c -lpthreads 
/usr/bin/ld: cannot find -lpthreads
collect2: error: ld returned 1 exit status
CMakeFiles/cmTC_6c37c.dir/build.make:86: recipe for target 'cmTC_6c37c' failed
make[1]: *** [cmTC_6c37c] Error 1
make[1]: Leaving directory '/root/catkin_ws/build/CMakeFiles/CMakeTmp'
Makefile:121: recipe for target 'cmTC_6c37c/fast' failed
make: *** [cmTC_6c37c/fast] Error 2


